#
# A fatal error has been detected by the Java Runtime Environment:
#
#  EXCEPTION_ACCESS_VIOLATION (0xc0000005) at pc=0x000000000dde4855, pid=10148, tid=7012
#
# JRE version: Java(TM) SE Runtime Environment (7.0_51-b13) (build 1.7.0_51-b13)
# Java VM: Java HotSpot(TM) 64-Bit Server VM (24.51-b03 mixed mode windows-amd64 compressed oops)
# Problematic frame:
# C  [ig4icd64.dll+0x264855]
#
# Failed to write core dump. Minidumps are not enabled by default on client versions of Windows
#
# If you would like to submit a bug report, please visit:
#   http://bugreport.sun.com/bugreport/crash.jsp
# The crash happened outside the Java Virtual Machine in native code.
# See problematic frame for where to report the bug.
#

---------------  T H R E A D  ---------------

Current thread (0x000000000c960000):  JavaThread "LWJGL Renderer Thread" [_thread_in_native, id=7012, stack(0x000000000bca0000,0x000000000bda0000)]

siginfo: ExceptionCode=0xc0000005, reading address 0x000000000c2f0000

Registers:
RAX=0x0000000000000198, RBX=0x0000000000000022, RCX=0x0000000000000000, RDX=0x0000000000000002
RSP=0x000000000bd9e3d0, RBP=0x0000000000000004, RSI=0x0000000012ef94d8, RDI=0x000000000bffb2d8
R8 =0x0000000000000003, R9 =0x0000000000000001, R10=0x2aaaaaaaaaaaaaab, R11=0x000000000c2efff8
R12=0x0000000000000022, R13=0x000000000000000c, R14=0x000000000bfb3310, R15=0x0000000000000000
RIP=0x000000000dde4855, EFLAGS=0x0000000000010246

Top of Stack: (sp=0x000000000bd9e3d0)
0x000000000bd9e3d0:   0000000000000000 0000000000000000
0x000000000bd9e3e0:   0000000000000000 000000000dfd1706
0x000000000bd9e3f0:   0000000000000001 0000000000000001
0x000000000bd9e400:   0000000000000003 000000000000000c
0x000000000bd9e410:   0000000046c4eb8a 0000000000000000
0x000000000bd9e420:   0000000046c4eb8a 0000000000000000
0x000000000bd9e430:   0000000012ef94d8 0000000000000022
0x000000000bd9e440:   00000000000000e4 00000000000000e4
0x000000000bd9e450:   0000000000000000 0000000012ef8f80
0x000000000bd9e460:   0000000000000048 000000000dde708f
0x000000000bd9e470:   000000000bff0088 000000000bff0088
0x000000000bd9e480:   0000000000000022 0000000012ef9508
0x000000000bd9e490:   0000000012ef94d8 0000000000000000
0x000000000bd9e4a0:   00000000000000e4 00000000000000e4
0x000000000bd9e4b0:   0000000000000000 0000000000080038
0x000000000bd9e4c0:   000000000bff0088 0000000000000048 

Instructions: (pc=0x000000000dde4855)
0x000000000dde4835:   e9 01 74 2e 83 e9 01 74 20 83 e9 01 74 12 83 f9
0x000000000dde4845:   01 0f 85 26 02 00 00 41 8b 43 0c 41 89 44 ee 0c
0x000000000dde4855:   41 8b 43 08 41 89 44 ee 08 41 8b 43 04 41 89 44
0x000000000dde4865:   ee 04 41 8b 03 4c 8b 4c 24 28 4c 8b 44 24 30 41 


Register to memory mapping:

RAX=0x0000000000000198 is an unknown value
RBX=0x0000000000000022 is an unknown value
RCX=0x0000000000000000 is an unknown value
RDX=0x0000000000000002 is an unknown value
RSP=0x000000000bd9e3d0 is pointing into the stack for thread: 0x000000000c960000
RBP=0x0000000000000004 is an unknown value
RSI=0x0000000012ef94d8 is an unknown value
RDI=0x000000000bffb2d8 is an unknown value
R8 =0x0000000000000003 is an unknown value
R9 =0x0000000000000001 is an unknown value
R10=0x2aaaaaaaaaaaaaab is an unknown value
R11=0x000000000c2efff8 is an unknown value
R12=0x0000000000000022 is an unknown value
R13=0x000000000000000c is an unknown value
R14=0x000000000bfb3310 is an unknown value
R15=0x0000000000000000 is an unknown value


Stack: [0x000000000bca0000,0x000000000bda0000],  sp=0x000000000bd9e3d0,  free space=1016k
Native frames: (J=compiled Java code, j=interpreted, Vv=VM code, C=native code)
C  [ig4icd64.dll+0x264855]

Java frames: (J=compiled Java code, j=interpreted, Vv=VM code)
j  org.lwjgl.opengl.GL12.nglDrawRangeElementsBO(IIIIIJJ)V+0
j  org.lwjgl.opengl.GL12.glDrawRangeElements(IIIIIJ)V+32
j  com.jme3.renderer.lwjgl.LwjglRenderer.drawTriangleList(Lcom/jme3/scene/VertexBuffer;Lcom/jme3/scene/Mesh;I)V+361
j  com.jme3.renderer.lwjgl.LwjglRenderer.renderMeshDefault(Lcom/jme3/scene/Mesh;II)V+174
j  com.jme3.renderer.lwjgl.LwjglRenderer.renderMesh(Lcom/jme3/scene/Mesh;II)V+160
j  com.jme3.material.Material.renderMultipassLighting(Lcom/jme3/shader/Shader;Lcom/jme3/scene/Geometry;Lcom/jme3/renderer/RenderManager;)V+595
j  com.jme3.material.Material.render(Lcom/jme3/scene/Geometry;Lcom/jme3/renderer/RenderManager;)V+285
j  com.jme3.renderer.RenderManager.renderGeometry(Lcom/jme3/scene/Geometry;)V+204
j  com.jme3.renderer.queue.RenderQueue.renderGeometryList(Lcom/jme3/renderer/queue/GeometryList;Lcom/jme3/renderer/RenderManager;Lcom/jme3/renderer/Camera;Z)V+51
j  com.jme3.renderer.queue.RenderQueue.renderQueue(Lcom/jme3/renderer/queue/RenderQueue$Bucket;Lcom/jme3/renderer/RenderManager;Lcom/jme3/renderer/Camera;Z)V+98
j  com.jme3.renderer.RenderManager.renderViewPortQueues(Lcom/jme3/renderer/ViewPort;Z)V+97
j  com.jme3.renderer.RenderManager.flushQueue(Lcom/jme3/renderer/ViewPort;)V+3
j  com.jme3.renderer.RenderManager.renderViewPort(Lcom/jme3/renderer/ViewPort;F)V+267
j  com.jme3.renderer.RenderManager.render(FZ)V+123
j  com.jme3.app.SimpleApplication.update()V+102
j  com.jme3.system.lwjgl.LwjglAbstractDisplay.runLoop()V+22
j  com.jme3.system.lwjgl.LwjglDisplay.runLoop()V+67
j  com.jme3.system.lwjgl.LwjglAbstractDisplay.run()V+132
j  java.lang.Thread.run()V+11
v  ~StubRoutines::call_stub

---------------  P R O C E S S  ---------------

Java Threads: ( => current thread )
  0x000000000c867800 JavaThread "jME3 Audio Thread" daemon [_thread_blocked, id=9528, stack(0x0000000010d60000,0x0000000010e60000)]
  0x00000000000ff000 JavaThread "DestroyJavaVM" [_thread_blocked, id=6060, stack(0x0000000001fe0000,0x00000000020e0000)]
=>0x000000000c960000 JavaThread "LWJGL Renderer Thread" [_thread_in_native, id=7012, stack(0x000000000bca0000,0x000000000bda0000)]
  0x000000000c800800 JavaThread "TimerQueue" daemon [_thread_blocked, id=8420, stack(0x000000000da80000,0x000000000db80000)]
  0x000000000b53a800 JavaThread "Image Fetcher 0" daemon [_thread_blocked, id=10036, stack(0x000000000c620000,0x000000000c720000)]
  0x000000000b41f000 JavaThread "AWT-Windows" daemon [_thread_in_native, id=5176, stack(0x000000000bba0000,0x000000000bca0000)]
  0x000000000b3cd000 JavaThread "Java2D Disposer" daemon [_thread_blocked, id=7880, stack(0x000000000b7c0000,0x000000000b8c0000)]
  0x00000000094e1800 JavaThread "Service Thread" daemon [_thread_blocked, id=7112, stack(0x000000000b1b0000,0x000000000b2b0000)]
  0x00000000094d8000 JavaThread "C2 CompilerThread1" daemon [_thread_blocked, id=2544, stack(0x000000000afc0000,0x000000000b0c0000)]
  0x00000000094d3000 JavaThread "C2 CompilerThread0" daemon [_thread_blocked, id=4744, stack(0x000000000ae50000,0x000000000af50000)]
  0x00000000094d1800 JavaThread "Attach Listener" daemon [_thread_blocked, id=7788, stack(0x000000000aca0000,0x000000000ada0000)]
  0x00000000094ca800 JavaThread "Signal Dispatcher" daemon [_thread_blocked, id=9084, stack(0x000000000aa60000,0x000000000ab60000)]
  0x000000000947a000 JavaThread "Finalizer" daemon [_thread_blocked, id=6188, stack(0x000000000a860000,0x000000000a960000)]
  0x0000000009471000 JavaThread "Reference Handler" daemon [_thread_blocked, id=1296, stack(0x000000000a630000,0x000000000a730000)]

Other Threads:
  0x000000000946b800 VMThread [stack: 0x000000000a490000,0x000000000a590000] [id=3920]
  0x00000000094ea000 WatcherThread [stack: 0x000000000a730000,0x000000000a830000] [id=6880]

VM state:not at safepoint (normal execution)

VM Mutex/Monitor currently owned by a thread: None

Heap
 PSYoungGen      total 28672K, used 23233K [0x00000000e0700000, 0x00000000e2680000, 0x0000000100000000)
  eden space 25088K, 78% used [0x00000000e0700000,0x00000000e1a34a60,0x00000000e1f80000)
  from space 3584K, 99% used [0x00000000e1f80000,0x00000000e22fba20,0x00000000e2300000)
  to   space 3584K, 0% used [0x00000000e2300000,0x00000000e2300000,0x00000000e2680000)
 ParOldGen       total 64512K, used 4456K [0x00000000a1600000, 0x00000000a5500000, 0x00000000e0700000)
  object space 64512K, 6% used [0x00000000a1600000,0x00000000a1a5a2b8,0x00000000a5500000)
 PSPermGen       total 21504K, used 17792K [0x000000009c400000, 0x000000009d900000, 0x00000000a1600000)
  object space 21504K, 82% used [0x000000009c400000,0x000000009d560270,0x000000009d900000)

Card table byte_map: [0x00000000050e0000,0x0000000005400000] byte_map_base: 0x0000000004bfe000

Polling page: 0x0000000000320000

Code Cache  [0x00000000020e0000, 0x0000000002350000, 0x00000000050e0000)
 total_blobs=809 nmethods=214 adapters=547 free_code_cache=48077Kb largest_free_block=49194560

Compilation events (10 events):
Event: 3.137 Thread 0x00000000094d8000 nmethod 209 0x00000000021db010 code [0x00000000021db160, 0x00000000021db278]
Event: 3.137 Thread 0x00000000094d3000 nmethod 210 0x00000000021e0b50 code [0x00000000021e0c80, 0x00000000021e0cd8]
Event: 3.137 Thread 0x00000000094d8000  211             java.util.AbstractCollection::toArray (147 bytes)
Event: 3.137 Thread 0x00000000094d3000  212             java.util.ArrayList$SubList$1::hasNext (20 bytes)
Event: 3.138 Thread 0x00000000094d3000 nmethod 212 0x00000000021d8150 code [0x00000000021d8280, 0x00000000021d82f8]
Event: 3.139 Thread 0x00000000094d3000  213             java.util.regex.Pattern::split (261 bytes)
Event: 3.159 Thread 0x00000000094d8000 nmethod 211 0x00000000021dfa90 code [0x00000000021dfc20, 0x00000000021e04f8]
Event: 3.178 Thread 0x00000000094d8000  214             java.util.zip.ZStreamRef::address (5 bytes)
Event: 3.179 Thread 0x00000000094d8000 nmethod 214 0x00000000021d6650 code [0x00000000021d6780, 0x00000000021d67d8]
Event: 3.289 Thread 0x00000000094d3000 nmethod 213 0x00000000021eff50 code [0x00000000021f02a0, 0x00000000021f3030]

GC Heap History (2 events):
Event: 2.515 GC heap before
{Heap before GC invocations=1 (full 0):
 PSYoungGen      total 28672K, used 25088K [0x00000000e0700000, 0x00000000e2680000, 0x0000000100000000)
  eden space 25088K, 100% used [0x00000000e0700000,0x00000000e1f80000,0x00000000e1f80000)
  from space 3584K, 0% used [0x00000000e2300000,0x00000000e2300000,0x00000000e2680000)
  to   space 3584K, 0% used [0x00000000e1f80000,0x00000000e1f80000,0x00000000e2300000)
 ParOldGen       total 64512K, used 0K [0x00000000a1600000, 0x00000000a5500000, 0x00000000e0700000)
  object space 64512K, 0% used [0x00000000a1600000,0x00000000a1600000,0x00000000a5500000)
 PSPermGen       total 21504K, used 16659K [0x000000009c400000, 0x000000009d900000, 0x00000000a1600000)
  object space 21504K, 77% used [0x000000009c400000,0x000000009d444c68,0x000000009d900000)
Event: 2.528 GC heap after
Heap after GC invocations=1 (full 0):
 PSYoungGen      total 28672K, used 3566K [0x00000000e0700000, 0x00000000e2680000, 0x0000000100000000)
  eden space 25088K, 0% used [0x00000000e0700000,0x00000000e0700000,0x00000000e1f80000)
  from space 3584K, 99% used [0x00000000e1f80000,0x00000000e22fba20,0x00000000e2300000)
  to   space 3584K, 0% used [0x00000000e2300000,0x00000000e2300000,0x00000000e2680000)
 ParOldGen       total 64512K, used 4456K [0x00000000a1600000, 0x00000000a5500000, 0x00000000e0700000)
  object space 64512K, 6% used [0x00000000a1600000,0x00000000a1a5a2b8,0x00000000a5500000)
 PSPermGen       total 21504K, used 16659K [0x000000009c400000, 0x000000009d900000, 0x00000000a1600000)
  object space 21504K, 77% used [0x000000009c400000,0x000000009d444c68,0x000000009d900000)
}

Deoptimization events (10 events):
Event: 2.555 Thread 0x000000000c960000 Uncommon trap: reason=class_check action=maybe_recompile pc=0x000000000218ceb0 method=java.lang.Character.codePointAt(Ljava/lang/CharSequence;I)I @ 5
Event: 2.555 Thread 0x000000000c960000 Uncommon trap: reason=class_check action=maybe_recompile pc=0x000000000218ceb0 method=java.lang.Character.codePointAt(Ljava/lang/CharSequence;I)I @ 5
Event: 2.555 Thread 0x000000000c960000 Uncommon trap: reason=class_check action=maybe_recompile pc=0x000000000218ceb0 method=java.lang.Character.codePointAt(Ljava/lang/CharSequence;I)I @ 5
Event: 2.555 Thread 0x000000000c960000 Uncommon trap: reason=class_check action=maybe_recompile pc=0x000000000218ceb0 method=java.lang.Character.codePointAt(Ljava/lang/CharSequence;I)I @ 5
Event: 2.555 Thread 0x000000000c960000 Uncommon trap: reason=class_check action=maybe_recompile pc=0x0000000002185bc8 method=java.lang.Character.codePointAt(Ljava/lang/CharSequence;I)I @ 5
Event: 2.556 Thread 0x000000000c960000 Uncommon trap: reason=class_check action=maybe_recompile pc=0x000000000218dabc method=java.util.regex.Pattern$5.isSatisfiedBy(I)Z @ 5
Event: 2.556 Thread 0x000000000c960000 Uncommon trap: reason=class_check action=maybe_recompile pc=0x000000000218dabc method=java.util.regex.Pattern$5.isSatisfiedBy(I)Z @ 5
Event: 2.556 Thread 0x000000000c960000 Uncommon trap: reason=class_check action=maybe_recompile pc=0x000000000218dabc method=java.util.regex.Pattern$5.isSatisfiedBy(I)Z @ 5
Event: 2.592 Thread 0x000000000c960000 Uncommon trap: reason=class_check action=maybe_recompile pc=0x000000000218dabc method=java.util.regex.Pattern$5.isSatisfiedBy(I)Z @ 5
Event: 3.165 Thread 0x000000000c960000 Uncommon trap: reason=unreached action=reinterpret pc=0x00000000021b6c44 method=java.lang.ThreadLocal$ThreadLocalMap.getEntry(Ljava/lang/ThreadLocal;)Ljava/lang/ThreadLocal$ThreadLocalMap$Entry; @ 21

Internal exceptions (10 events):
Event: 3.193 Thread 0x000000000c960000 Threw 0x00000000e1857e30 at C:\re\jdk7u51\527\hotspot\src\share\vm\prims\jvm.cpp:1244
Event: 3.270 Thread 0x000000000c960000 Threw 0x00000000e1861d50 at C:\re\jdk7u51\527\hotspot\src\share\vm\prims\jvm.cpp:1244
Event: 3.271 Thread 0x000000000c960000 Threw 0x00000000e18644c0 at C:\re\jdk7u51\527\hotspot\src\share\vm\prims\jvm.cpp:1244
Event: 3.271 Thread 0x000000000c960000 Threw 0x00000000e1866498 at C:\re\jdk7u51\527\hotspot\src\share\vm\prims\jvm.cpp:1244
Event: 3.272 Thread 0x000000000c960000 Threw 0x00000000e1868598 at C:\re\jdk7u51\527\hotspot\src\share\vm\prims\jvm.cpp:1244
Event: 3.309 Thread 0x000000000c960000 Threw 0x00000000e18846d0 at C:\re\jdk7u51\527\hotspot\src\share\vm\prims\jvm.cpp:1244
Event: 3.310 Thread 0x000000000c960000 Threw 0x00000000e1886230 at C:\re\jdk7u51\527\hotspot\src\share\vm\prims\jvm.cpp:1244
Event: 3.313 Thread 0x000000000c960000 Threw 0x00000000e18917d8 at C:\re\jdk7u51\527\hotspot\src\share\vm\prims\jvm.cpp:1244
Event: 3.316 Thread 0x000000000c960000 Threw 0x00000000e189b1a0 at C:\re\jdk7u51\527\hotspot\src\share\vm\prims\jvm.cpp:1244
Event: 3.320 Thread 0x000000000c960000 Threw 0x00000000e1939af0 at C:\re\jdk7u51\527\hotspot\src\share\vm\prims\jvm.cpp:1244

Events (10 events):
Event: 3.309 loading class 0x000000000b686780
Event: 3.309 loading class 0x000000000b686780 done
Event: 3.310 loading class 0x000000000b687470
Event: 3.310 loading class 0x000000000b687470 done
Event: 3.313 loading class 0x000000000b687410
Event: 3.313 loading class 0x000000000b687410 done
Event: 3.316 loading class 0x000000000b3f6950
Event: 3.316 loading class 0x000000000b3f6950 done
Event: 3.320 loading class 0x000000000ca7fd00
Event: 3.320 loading class 0x000000000ca7fd00 done


Dynamic libraries:
0x000000013f640000 - 0x000000013f673000 	C:\Program Files\jmonkeyplatform\jdk\bin\java.exe
0x0000000077680000 - 0x0000000077829000 	C:\windows\SYSTEM32\ntdll.dll
0x0000000077460000 - 0x000000007757f000 	C:\windows\system32\kernel32.dll
0x000007fefd4f0000 - 0x000007fefd55c000 	C:\windows\system32\KERNELBASE.dll
0x000007fefe380000 - 0x000007fefe45b000 	C:\windows\system32\ADVAPI32.dll
0x000007feff8f0000 - 0x000007feff98f000 	C:\windows\system32\msvcrt.dll
0x000007fefdbd0000 - 0x000007fefdbef000 	C:\windows\SYSTEM32\sechost.dll
0x000007fefe460000 - 0x000007fefe58d000 	C:\windows\system32\RPCRT4.dll
0x0000000077580000 - 0x000000007767a000 	C:\windows\system32\USER32.dll
0x000007fefe670000 - 0x000007fefe6d7000 	C:\windows\system32\GDI32.dll
0x000007fefe370000 - 0x000007fefe37e000 	C:\windows\system32\LPK.dll
0x000007fefd800000 - 0x000007fefd8c9000 	C:\windows\system32\USP10.dll
0x000007fefb5a0000 - 0x000007fefb794000 	C:\windows\WinSxS\amd64_microsoft.windows.common-controls_6595b64144ccf1df_6.0.7601.17514_none_fa396087175ac9ac\COMCTL32.dll
0x000007fefdb40000 - 0x000007fefdbb1000 	C:\windows\system32\SHLWAPI.dll
0x000007feff730000 - 0x000007feff75e000 	C:\windows\system32\IMM32.DLL
0x000007fefdf40000 - 0x000007fefe049000 	C:\windows\system32\MSCTF.dll
0x0000000071b20000 - 0x0000000071bf2000 	C:\Program Files\jmonkeyplatform\jdk\jre\bin\msvcr100.dll
0x0000000053ac0000 - 0x0000000054289000 	C:\Program Files\jmonkeyplatform\jdk\jre\bin\server\jvm.dll
0x000007fef8be0000 - 0x000007fef8be9000 	C:\windows\system32\WSOCK32.dll
0x000007fefe320000 - 0x000007fefe36d000 	C:\windows\system32\WS2_32.dll
0x000007fefdbc0000 - 0x000007fefdbc8000 	C:\windows\system32\NSI.dll
0x000007fefc040000 - 0x000007fefc07b000 	C:\windows\system32\WINMM.dll
0x0000000077850000 - 0x0000000077857000 	C:\windows\system32\PSAPI.DLL
0x0000000071cf0000 - 0x0000000071cff000 	C:\Program Files\jmonkeyplatform\jdk\jre\bin\verify.dll
0x0000000071cc0000 - 0x0000000071ce8000 	C:\Program Files\jmonkeyplatform\jdk\jre\bin\java.dll
0x00000000712d0000 - 0x00000000712e5000 	C:\Program Files\jmonkeyplatform\jdk\jre\bin\zip.dll
0x0000000063600000 - 0x0000000063795000 	C:\Program Files\jmonkeyplatform\jdk\jre\bin\awt.dll
0x000007fefe590000 - 0x000007fefe667000 	C:\windows\system32\OLEAUT32.dll
0x000007fefdbf0000 - 0x000007fefddf3000 	C:\windows\system32\ole32.dll
0x000007fefb9d0000 - 0x000007fefba26000 	C:\windows\system32\uxtheme.dll
0x000007fefb1a0000 - 0x000007fefb1b8000 	C:\windows\system32\dwmapi.dll
0x000007fefd2e0000 - 0x000007fefd2ef000 	C:\windows\system32\CRYPTBASE.dll
0x000007fefe9a0000 - 0x000007feff728000 	C:\windows\system32\SHELL32.dll
0x0000000071200000 - 0x0000000071247000 	C:\Program Files\jmonkeyplatform\jdk\jre\bin\fontmanager.dll
0x00000000712b0000 - 0x00000000712c9000 	C:\Program Files\jmonkeyplatform\jdk\jre\bin\net.dll
0x000007fefcc00000 - 0x000007fefcc55000 	C:\windows\system32\mswsock.dll
0x000007fefcbf0000 - 0x000007fefcbf7000 	C:\windows\System32\wship6.dll
0x0000000071290000 - 0x00000000712a1000 	C:\Program Files\jmonkeyplatform\jdk\jre\bin\nio.dll
0x0000000071090000 - 0x00000000710d1000 	C:\Program Files\jmonkeyplatform\jdk\jre\bin\t2k.dll
0x0000000180000000 - 0x0000000180050000 	C:\Users\Anu\Documents\HelloPhysics_1\lwjgl64.dll
0x000007feef220000 - 0x000007feef33d000 	C:\windows\system32\OPENGL32.dll
0x000007fefa670000 - 0x000007fefa69d000 	C:\windows\system32\GLU32.dll
0x000007feec0a0000 - 0x000007feec191000 	C:\windows\system32\DDRAW.dll
0x000007fefafb0000 - 0x000007fefafb8000 	C:\windows\system32\DCIMAN32.dll
0x000007fefe740000 - 0x000007fefe917000 	C:\windows\system32\SETUPAPI.dll
0x000007fefd470000 - 0x000007fefd4a6000 	C:\windows\system32\CFGMGR32.dll
0x000007fefd670000 - 0x000007fefd68a000 	C:\windows\system32\DEVOBJ.dll
0x000007fefc4e0000 - 0x000007fefc4ec000 	C:\windows\system32\VERSION.dll
0x000000000db80000 - 0x000000000ee53000 	C:\windows\system32\ig4icd64.dll
0x000007feec7e0000 - 0x000007feec87c000 	C:\windows\system32\mscms.dll
0x000007fefd5a0000 - 0x000007fefd5be000 	C:\windows\system32\USERENV.dll
0x000007fefd440000 - 0x000007fefd44f000 	C:\windows\system32\profapi.dll
0x000007fefa620000 - 0x000007fefa662000 	C:\windows\system32\icm32.dll
0x00000000057f0000 - 0x0000000005854000 	C:\Users\Anu\Documents\HelloPhysics_1\OpenAL64.dll
0x000007fefdea0000 - 0x000007fefdf39000 	C:\windows\system32\CLBCatQ.DLL
0x000007fefbf10000 - 0x000007fefbf5b000 	C:\windows\System32\MMDevApi.dll
0x000007fefbde0000 - 0x000007fefbf0c000 	C:\windows\System32\PROPSYS.dll
0x000007fefc080000 - 0x000007fefc108000 	C:\windows\system32\dsound.dll
0x000007fefc010000 - 0x000007fefc03c000 	C:\windows\system32\POWRPROF.dll
0x000007fefc2c0000 - 0x000007fefc30f000 	C:\windows\system32\AUDIOSES.DLL
0x0000000071af0000 - 0x0000000071b20000 	C:\Program Files\jmonkeyplatform\jdk\jre\bin\jpeg.dll
0x0000000071ab0000 - 0x0000000071ae9000 	C:\Program Files\jmonkeyplatform\jdk\jre\bin\kcms.dll
0x000007fefa840000 - 0x000007fefa965000 	C:\windows\system32\dbghelp.dll

VM Arguments:
jvm_args: -Dfile.encoding=UTF-8 
java_command: jm3test.helloworld.HelloPhysics
Launcher Type: SUN_STANDARD

Environment Variables:
PATH=C:\Program Files\Common Files\Microsoft Shared\Windows Live;C:\Program Files (x86)\Common Files\Microsoft Shared\Windows Live;C:\windows\system32;C:\windows;C:\windows\System32\Wbem;C:\Program Files (x86)\Windows Live\Shared;c:\Program Files\Microsoft SQL Server\110\Tools\Binn\;c:\Program Files (x86)\Microsoft SQL Server\110\Tools\Binn\;c:\Program Files\Microsoft SQL Server\110\DTS\Binn\;c:\Program Files (x86)\Microsoft SQL Server\110\Tools\Binn\ManagementStudio\;c:\Program Files (x86)\Microsoft SQL Server\110\DTS\Binn\;C:\Program Files\Microsoft\Web Platform Installer\;C:\Program Files (x86)\Microsoft ASP.NET\ASP.NET Web Pages\v1.0\;C:\windows\System32\WindowsPowerShell\v1.0\;C:\windows\System32\WindowsPowerShell\v1.0\;C:\Scala\scala-2.11.2\bin;C:\gradle-2.1\bin;C:\Program Files\nodejs\;C:\Program Files (x86)\sbt\\bin;C:\Program Files\Java\jdk1.7.0_55\bin;C:\Scala\scala-2.11.2\bin;C:\Users\Anu\AppData\Roaming\npm
USERNAME=Anu
OS=Windows_NT
PROCESSOR_IDENTIFIER=Intel64 Family 6 Model 42 Stepping 7, GenuineIntel



---------------  S Y S T E M  ---------------

OS: Windows 7 , 64 bit Build 7601 Service Pack 1

CPU:total 4 (2 cores per cpu, 2 threads per core) family 6 model 42 stepping 7, cmov, cx8, fxsr, mmx, sse, sse2, sse3, ssse3, sse4.1, sse4.2, popcnt, avx, ht, tsc, tscinvbit

Memory: 4k page, physical 6197528k(2817608k free), swap 12393192k(5591060k free)

vm_info: Java HotSpot(TM) 64-Bit Server VM (24.51-b03) for windows-amd64 JRE (1.7.0_51-b13), built on Dec 18 2013 18:40:56 by "java_re" with unknown MS VC++:1600

time: Sun Nov 16 11:39:15 2014
elapsed time: 3 seconds

